<?xml version="1.0" encoding="UTF-8"?>
<!-- Generated by org.testng.reporters.JUnitReportReporter -->
<testsuite hostname="yucelkahraman" failures="0" tests="1" name="com.demo.TestCases.SearchProductTest" time="6.623" errors="0" timestamp="2024-11-15T16:34:32 EST" skipped="0">
  <testcase classname="com.demo.TestCases.SearchProductTest" name="NavigateDifferentPage" time="6.623"/>
</testsuite> <!-- com.demo.TestCases.SearchProductTest -->
