<?xml version="1.0" encoding="UTF-8"?>
<!-- Generated by org.testng.reporters.JUnitReportReporter -->
<testsuite hostname="yucelkahraman" failures="0" tests="3" name="com.BootCampTutorialsninja.Tutorialsninja_SearchProductTest" time="16.689" errors="0" timestamp="2024-11-15T10:46:38 EST" skipped="0">
  <testcase classname="com.BootCampTutorialsninja.Tutorialsninja_SearchProductTest" name="SearchWithNoProduct" time="4.794"/>
  <testcase classname="com.BootCampTutorialsninja.Tutorialsninja_SearchProductTest" name="SearchWithInvalidProduct" time="5.771"/>
  <testcase classname="com.BootCampTutorialsninja.Tutorialsninja_SearchProductTest" name="SearchWithValidProduct" time="6.124"/>
</testsuite> <!-- com.BootCampTutorialsninja.Tutorialsninja_SearchProductTest -->
