<?xml version="1.0" encoding="UTF-8"?>
<!-- Generated by org.testng.reporters.JUnitReportReporter -->
<testsuite hostname="yucelkahraman" failures="0" tests="5" name="com.BootCampTutorialsninja.Tutorialsninja_LoginTest" time="29.181" errors="0" timestamp="2024-11-15T10:46:38 EST" skipped="0">
  <testcase classname="com.BootCampTutorialsninja.Tutorialsninja_LoginTest" name="LoginWithValidCredentials" time="6.278"/>
  <testcase classname="com.BootCampTutorialsninja.Tutorialsninja_LoginTest" name="LoginwithValidEmailInvalidPassword" time="5.813"/>
  <testcase classname="com.BootCampTutorialsninja.Tutorialsninja_LoginTest" name="LoginWithInvalidEmailValidPassword" time="5.702"/>
  <testcase classname="com.BootCampTutorialsninja.Tutorialsninja_LoginTest" name="LoginWithInvalidEmailInvalidPassword" time="6.533"/>
  <testcase classname="com.BootCampTutorialsninja.Tutorialsninja_LoginTest" name="LoginWithNoCredentials" time="4.855"/>
</testsuite> <!-- com.BootCampTutorialsninja.Tutorialsninja_LoginTest -->
