<?xml version="1.0" encoding="UTF-8"?>
<!-- Generated by org.testng.reporters.JUnitReportReporter -->
<testsuite hostname="yucelkahraman" failures="0" tests="4" name="com.Demoblaze.TestCases.RegisterTest" time="9.062" errors="0" timestamp="2024-11-12T00:54:34 EST" skipped="0">
  <testcase classname="com.Demoblaze.TestCases.RegisterTest" name="RegisterWithInValidUsernameValidPassword" time="2.211"/>
  <testcase classname="com.Demoblaze.TestCases.RegisterTest" name="RegisterWithValidUsernameInvalidPassword" time="2.205"/>
  <testcase classname="com.Demoblaze.TestCases.RegisterTest" name="RegisterWithValidUsernameValidPassword" time="2.650"/>
  <testcase classname="com.Demoblaze.TestCases.RegisterTest" name="RegisterWithNoCredentials" time="1.996"/>
</testsuite> <!-- com.Demoblaze.TestCases.RegisterTest -->
