<?xml version="1.0" encoding="UTF-8"?>
<!-- Generated by org.testng.reporters.JUnitReportReporter -->
<testsuite hostname="yucelkahraman" failures="0" tests="4" name="com.demoBlaze1.RegisterTest" time="8.528" errors="0" timestamp="2024-11-13T17:14:44 EST" skipped="0">
  <testcase classname="com.demoBlaze1.RegisterTest" name="RegisterWithValidUsernameValidPassword" time="2.261"/>
  <testcase classname="com.demoBlaze1.RegisterTest" name="RegisterWithValidUsernameInvalidPassword" time="2.096"/>
  <testcase classname="com.demoBlaze1.RegisterTest" name="RegisterWithInValidUsernameValidPassword" time="2.254"/>
  <testcase classname="com.demoBlaze1.RegisterTest" name="RegisterWithNoCredentials" time="1.917"/>
</testsuite> <!-- com.demoBlaze1.RegisterTest -->
