<?xml version="1.0" encoding="UTF-8"?>
<!-- Generated by org.testng.reporters.JUnitReportReporter -->
<testsuite hostname="yucelkahraman" failures="0" tests="1" name="com.demoBlaze1.SearchProductTest" time="5.371" errors="0" timestamp="2024-11-13T17:32:25 EST" skipped="0">
  <testcase classname="com.demoBlaze1.SearchProductTest" name="NavigateDifferentPage" time="5.371"/>
</testsuite> <!-- com.demoBlaze1.SearchProductTest -->
