<?xml version="1.0" encoding="UTF-8"?>
<!-- Generated by org.testng.reporters.JUnitReportReporter -->
<testsuite hostname="yucelkahraman" failures="0" tests="4" name="com.Execution_All_Test_Cases.login_Test" time="23.706" errors="0" timestamp="2024-11-09T10:21:34 EST" skipped="0">
  <testcase classname="com.Execution_All_Test_Cases.login_Test" name="LoginWithInvEmailInVPassword" time="5.692"/>
  <testcase classname="com.Execution_All_Test_Cases.login_Test" name="LoginWithInVEmailVPassword" time="5.665"/>
  <testcase classname="com.Execution_All_Test_Cases.login_Test" name="LoginWithVEmailInvPassword" time="6.411"/>
  <testcase classname="com.Execution_All_Test_Cases.login_Test" name="LoginWithVEmailPassword" time="5.938"/>
</testsuite> <!-- com.Execution_All_Test_Cases.login_Test -->
