<?xml version="1.0" encoding="UTF-8"?>
<!-- Generated by org.testng.reporters.JUnitReportReporter -->
<testsuite hostname="yucelkahraman" failures="0" tests="1" name="com.Demoblaze.TestCases.SearchProductTest" time="5.195" errors="0" timestamp="2024-11-13T14:39:58 EST" skipped="0">
  <testcase classname="com.Demoblaze.TestCases.SearchProductTest" name="NavigateDifferentPage" time="5.195"/>
</testsuite> <!-- com.Demoblaze.TestCases.SearchProductTest -->
