<?xml version="1.0" encoding="UTF-8"?>
<!-- Generated by org.testng.reporters.JUnitReportReporter -->
<testsuite hostname="yucelkahraman" failures="0" tests="4" name="com.BootCampTutorialsninja.Tutorilasninja_RegisterTest" time="26.435" errors="0" timestamp="2024-11-15T10:46:38 EST" skipped="0">
  <testcase classname="com.BootCampTutorialsninja.Tutorilasninja_RegisterTest" name="RegisterWithMandatoryDetails" time="7.564"/>
  <testcase classname="com.BootCampTutorialsninja.Tutorilasninja_RegisterTest" name="verifyRegisterWithAllDetails" time="6.195"/>
  <testcase classname="com.BootCampTutorialsninja.Tutorilasninja_RegisterTest" name="verifyRegisterWithIncorrectConfirmPassword" time="6.867"/>
  <testcase classname="com.BootCampTutorialsninja.Tutorilasninja_RegisterTest" name="verifyRegisterWithNoDetails" time="5.809"/>
</testsuite> <!-- com.BootCampTutorialsninja.Tutorilasninja_RegisterTest -->
