<?xml version="1.0" encoding="UTF-8"?>
<!-- Generated by org.testng.reporters.JUnitReportReporter -->
<testsuite hostname="yucelkahraman" failures="0" tests="5" name="com.Demoblaze.LoginTest" time="11.543" errors="0" timestamp="2024-11-13T10:17:44 EST" skipped="0">
  <testcase classname="com.Demoblaze.LoginTest" name="LoginWithValidCredentials" time="2.807"/>
  <testcase classname="com.Demoblaze.LoginTest" name="LoginwithValidUsernameInvalidPassword" time="2.224"/>
  <testcase classname="com.Demoblaze.LoginTest" name="LoginWitInvalidUsernameValidPassword" time="2.273"/>
  <testcase classname="com.Demoblaze.LoginTest" name="LoginWitInvalidUsernameInValidPassword" time="2.393"/>
  <testcase classname="com.Demoblaze.LoginTest" name="LoginWitNoCredentials" time="1.846"/>
</testsuite> <!-- com.Demoblaze.LoginTest -->
