<?xml version="1.0" encoding="UTF-8"?>
<!-- Generated by org.testng.reporters.JUnitReportReporter -->
<testsuite hostname="yucelkahraman" failures="0" tests="1" name="com.TestNG_Test_Automation_Boot_Camp_Part1.Title_Page" time="2.431" errors="0" timestamp="2024-11-10T16:31:45 EST" skipped="0">
  <testcase classname="com.TestNG_Test_Automation_Boot_Camp_Part1.Title_Page" name="NavigateWebsiteToVerifyTitlePage" time="2.431"/>
</testsuite> <!-- com.TestNG_Test_Automation_Boot_Camp_Part1.Title_Page -->
