<?xml version="1.0" encoding="UTF-8"?>
<!-- Generated by org.testng.reporters.JUnitReportReporter -->
<testsuite hostname="yucelkahraman" failures="0" tests="4" name="com.Demoblaze.RegisterTest" time="8.432" errors="0" timestamp="2024-11-13T10:19:05 EST" skipped="0">
  <testcase classname="com.Demoblaze.RegisterTest" name="RegisterWithValidUsernameValidPassword" time="2.433"/>
  <testcase classname="com.Demoblaze.RegisterTest" name="RegisterWithValidUsernameInvalidPassword" time="2.028"/>
  <testcase classname="com.Demoblaze.RegisterTest" name="RegisterWithInValidUsernameValidPassword" time="2.145"/>
  <testcase classname="com.Demoblaze.RegisterTest" name="RegisterWithNoCredentials" time="1.826"/>
</testsuite> <!-- com.Demoblaze.RegisterTest -->
