<?xml version="1.0" encoding="UTF-8"?>
<!-- Generated by org.testng.reporters.JUnitReportReporter -->
<testsuite hostname="yucelkahraman" failures="0" tests="5" name="com.demoBlaze1.LoginTest" time="13.112" errors="0" timestamp="2024-12-12T11:45:04 EST" skipped="0">
  <testcase classname="com.demoBlaze1.LoginTest" name="LoginWithValidCredentials" time="4.314"/>
  <testcase classname="com.demoBlaze1.LoginTest" name="LoginwithValidUsernameInvalidPassword" time="2.182"/>
  <testcase classname="com.demoBlaze1.LoginTest" name="LoginWitInvalidUsernameValidPassword" time="2.334"/>
  <testcase classname="com.demoBlaze1.LoginTest" name="LoginWitInvalidUsernameInValidPassword" time="2.297"/>
  <testcase classname="com.demoBlaze1.LoginTest" name="LoginWitNoCredentials" time="1.985"/>
</testsuite> <!-- com.demoBlaze1.LoginTest -->
