<?xml version="1.0" encoding="UTF-8"?>
<!-- Generated by org.testng.reporters.JUnitReportReporter -->
<testsuite hostname="yucelkahraman" failures="0" tests="1" name="com.Execution_All_Test_Cases.Register_Test" time="6.528" errors="0" timestamp="2024-11-09T10:20:46 EST" skipped="0">
  <testcase classname="com.Execution_All_Test_Cases.Register_Test" name="RegisterTest" time="6.528"/>
</testsuite> <!-- com.Execution_All_Test_Cases.Register_Test -->
