<?xml version="1.0" encoding="UTF-8"?>
<!-- Generated by org.testng.reporters.JUnitReportReporter -->
<testsuite hostname="yucelkahraman" failures="0" tests="4" name="com.demo.TestCases.RegisterTest" time="11.568" errors="0" timestamp="2024-11-15T16:34:32 EST" skipped="0">
  <testcase classname="com.demo.TestCases.RegisterTest" name="RegisterWithValidUsernameValidPassword" time="3.813"/>
  <testcase classname="com.demo.TestCases.RegisterTest" name="RegisterWithValidUsernameInvalidPassword" time="2.917"/>
  <testcase classname="com.demo.TestCases.RegisterTest" name="RegisterWithInValidUsernameValidPassword" time="2.664"/>
  <testcase classname="com.demo.TestCases.RegisterTest" name="RegisterWithNoCredentials" time="2.174"/>
</testsuite> <!-- com.demo.TestCases.RegisterTest -->
