<?xml version="1.0" encoding="UTF-8"?>
<!-- Generated by org.testng.reporters.JUnitReportReporter -->
<testsuite hostname="yucelkahraman" failures="0" tests="1" name="com.Execution_All_Test_Cases.Search_Product" time="8.747" errors="0" timestamp="2024-11-09T10:18:53 EST" skipped="0">
  <testcase classname="com.Execution_All_Test_Cases.Search_Product" name="SearchWithValidProduct" time="8.747"/>
</testsuite> <!-- com.Execution_All_Test_Cases.Search_Product -->
