<?xml version="1.0" encoding="UTF-8"?>
<!-- Generated by org.testng.reporters.JUnitReportReporter -->
<testsuite hostname="yucelkahraman" failures="0" tests="1" name="com.Demoblaze.SearchProductTest" time="7.469" errors="0" timestamp="2024-11-13T14:39:18 EST" skipped="0">
  <testcase classname="com.Demoblaze.SearchProductTest" name="NavigateDifferentPage" time="7.469"/>
</testsuite> <!-- com.Demoblaze.SearchProductTest -->
